<?xml version="1.0" encoding="UTF-8"?>
<!-- Generated by org.testng.reporters.JUnitReportReporter -->
<testsuite hostname="DESKTOP-UI36UGQ" failures="0" tests="3" name="test_ng.DataProviderClass" time="14.442" errors="0" timestamp="2022-09-22T11:12:23 EDT" skipped="0">
  <testcase classname="test_ng.DataProviderClass" name="checking" time="3.673"/>
  <system-out/>
  <testcase classname="test_ng.DataProviderClass" name="checking" time="4.263"/>
  <system-out/>
  <testcase classname="test_ng.DataProviderClass" name="checking" time="6.506"/>
  <system-out/>
</testsuite> <!-- test_ng.DataProviderClass -->
