<?xml version="1.0" encoding="UTF-8"?>
<!-- Generated by org.testng.reporters.JUnitReportReporter -->
<testsuite hostname="DESKTOP-UI36UGQ" failures="0" tests="2" name="test_ng.AssertAfterLogin" time="8.939" errors="0" timestamp="2022-09-22T11:17:40 EDT" skipped="0">
  <testcase classname="test_ng.AssertAfterLogin" name="assertHomePage" time="2.020"/>
  <system-out/>
  <testcase classname="test_ng.AssertAfterLogin" name="performLogin" time="6.919"/>
  <system-out/>
</testsuite> <!-- test_ng.AssertAfterLogin -->
