<?xml version="1.0" encoding="UTF-8"?>
<!-- Generated by org.testng.reporters.JUnitReportReporter -->
<testsuite hostname="DESKTOP-UI36UGQ" failures="0" tests="1" name="test_ng.BeforeAfterClass" time="5.451" errors="0" timestamp="2022-09-22T11:00:12 EDT" skipped="0">
  <testcase classname="test_ng.BeforeAfterClass" name="performLogin" time="5.451"/>
  <system-out/>
</testsuite> <!-- test_ng.BeforeAfterClass -->
