<?xml version="1.0" encoding="UTF-8"?>
<!-- Generated by org.testng.reporters.JUnitReportReporter -->
<testsuite hostname="DESKTOP-UI36UGQ" failures="0" tests="1" name="test_ng.NewTest" time="0.008" errors="0" timestamp="2022-09-15T12:07:36 EDT" skipped="0">
  <testcase classname="test_ng.NewTest" name="f" time="0.008"/>
  <system-out/>
</testsuite> <!-- test_ng.NewTest -->
