<?xml version="1.0" encoding="UTF-8"?>
<!-- Generated by org.testng.reporters.JUnitReportReporter -->
<testsuite hostname="DESKTOP-UI36UGQ" failures="0" tests="1" name="test_ng.AssertTittleClass" time="2.337" errors="0" timestamp="2022-09-22T11:10:57 EDT" skipped="0">
  <testcase classname="test_ng.AssertTittleClass" name="checkGoogleSite" time="2.337"/>
  <system-out/>
</testsuite> <!-- test_ng.AssertTittleClass -->
